\BOOKMARK [1][-]{section.1}{\376\377\006\105\006\102\006\057\006\105\006\107}{}% 1
\BOOKMARK [1][-]{section.2}{\376\377\006\052\006\110\006\066\006\314\006\055\006\047\006\052\000\040\006\251\006\104\006\314\000\040\006\050\006\047\006\062\006\314}{}% 2
\BOOKMARK [1][-]{section.3}{\376\377\006\063\006\047\006\056\006\052\006\047\006\061\000\040\006\050\006\047\006\062\006\314}{}% 3
\BOOKMARK [2][-]{subsection.3.1}{\376\377\000M\000a\000i\000n\000\040\000S\000c\000e\000n\000e}{section.3}% 4
\BOOKMARK [2][-]{subsection.3.2}{\376\377\000P\000l\000a\000y\000e\000r\000\040\000S\000c\000e\000n\000e}{section.3}% 5
\BOOKMARK [2][-]{subsection.3.3}{\376\377\000R\000o\000a\000d\000T\000i\000l\000e\000\040\000S\000c\000e\000n\000e}{section.3}% 6
\BOOKMARK [2][-]{subsection.3.4}{\376\377\000O\000b\000s\000t\000a\000c\000l\000e\000\040\000S\000c\000e\000n\000e}{section.3}% 7
\BOOKMARK [1][-]{section.4}{\376\377\006\047\006\063\006\251\006\061\006\314\006\176\006\052\040\014\006\107\006\047\006\314\000\040\006\047\006\065\006\104\006\314}{}% 8
\BOOKMARK [2][-]{subsection.4.1}{\376\377\000P\000l\000a\000y\000e\000r\000.\000g\000d}{section.4}% 9
\BOOKMARK [2][-]{subsection.4.2}{\376\377\000O\000b\000s\000t\000a\000c\000l\000e\000.\000g\000d}{section.4}% 10
\BOOKMARK [2][-]{subsection.4.3}{\376\377\000M\000a\000i\000n\000.\000g\000d}{section.4}% 11
\BOOKMARK [2][-]{subsection.4.4}{\376\377\000L\000e\000v\000e\000l\000G\000e\000n\000e\000r\000a\000t\000o\000r\000.\000g\000d}{section.4}% 12
\BOOKMARK [2][-]{subsection.4.5}{\376\377\000R\000o\000a\000d\000T\000i\000l\000e\000.\000g\000d}{section.4}% 13
\BOOKMARK [1][-]{section.5}{\376\377\006\105\006\251\006\047\006\106\006\314\006\251\040\014\006\107\006\047\006\314\000\040\006\050\006\047\006\062\006\314}{}% 14
\BOOKMARK [2][-]{subsection.5.1}{\376\377\006\055\006\061\006\251\006\052\000\040\0003\000\040\006\104\006\047\006\314\006\106\006\314}{section.5}% 15
\BOOKMARK [2][-]{subsection.5.2}{\376\377\006\052\006\110\006\104\006\314\006\057\000\040\006\176\006\110\006\314\006\047\006\314\000\040\006\105\006\063\006\314\006\061}{section.5}% 16
\BOOKMARK [2][-]{subsection.5.3}{\376\377\006\063\006\314\006\063\006\052\006\105\000\040\006\047\006\105\006\052\006\314\006\047\006\062\006\057\006\107\006\314}{section.5}% 17
\BOOKMARK [2][-]{subsection.5.4}{\376\377\006\063\006\314\006\063\006\052\006\105\000\040\006\050\006\061\006\056\006\110\006\061\006\057}{section.5}% 18
\BOOKMARK [1][-]{section.6}{\376\377\006\251\006\106\006\052\006\061\006\104\040\014\006\107\006\047}{}% 19
\BOOKMARK [1][-]{section.7}{\376\377\006\106\006\052\006\314\006\054\006\107\040\014\006\257\006\314\006\061\006\314}{}% 20
\BOOKMARK [1][-]{section.8}{\376\377\006\052\006\110\006\066\006\314\006\055\006\047\006\052\000\040\006\257\006\047\006\105\000\040\006\050\006\107\000\040\006\257\006\047\006\105\000\040\006\251\006\057\006\107\006\047}{}% 21
\BOOKMARK [2][-]{subsection.8.1}{\376\377\000P\000l\000a\000y\000e\000r\000.\000g\000d}{section.8}% 22
\BOOKMARK [2][-]{subsection.8.2}{\376\377\000O\000b\000s\000t\000a\000c\000l\000e\000.\000g\000d}{section.8}% 23
\BOOKMARK [2][-]{subsection.8.3}{\376\377\000M\000a\000i\000n\000.\000g\000d}{section.8}% 24
\BOOKMARK [2][-]{subsection.8.4}{\376\377\000L\000e\000v\000e\000l\000G\000e\000n\000e\000r\000a\000t\000o\000r\000.\000g\000d}{section.8}% 25
\BOOKMARK [2][-]{subsection.8.5}{\376\377\000R\000o\000a\000d\000T\000i\000l\000e\000.\000g\000d}{section.8}% 26
